<?xml version="1.0" encoding="UTF-8"?>
<testng-results ignored="0" total="1" passed="1" failed="0" skipped="0">
  <reporter-output>
  </reporter-output>
  <suite started-at="2023-11-06T07:58:05 UTC" name="Default Suite" finished-at="2023-11-06T07:58:14 UTC" duration-ms="8440">
    <groups>
    </groups>
    <test started-at="2023-11-06T07:58:05 UTC" name="SeleniumPractice" finished-at="2023-11-06T07:58:14 UTC" duration-ms="8440">
      <class name="SeleniumPractice">
        <test-method signature="driverFunction()[pri:0, instance:SeleniumPractice@278bb07e]" started-at="2023-11-06T07:58:05 UTC" name="driverFunction" finished-at="2023-11-06T07:58:13 UTC" duration-ms="8398" status="PASS">
          <reporter-output>
          </reporter-output>
        </test-method> <!-- driverFunction -->
      </class> <!-- SeleniumPractice -->
    </test> <!-- SeleniumPractice -->
  </suite> <!-- Default Suite -->
</testng-results>
